# JRE version: Java(TM) SE Runtime Environment (8.0_162-b12) (build 1.8.0_162-b12)
# Java VM: Java HotSpot(TM) 64-Bit Server VM (25.162-b12 mixed mode windows-amd64 compressed oops)
Heap:
 PSYoungGen      total 49664K, used 28564K [0x000000076b900000, 0x0000000772d00000, 0x00000007c0000000)
  eden space 49152K, 58% used [0x000000076b900000,0x000000076d4dd158,0x000000076e900000)
  from space 512K, 6% used [0x0000000772c80000,0x0000000772c88000,0x0000000772d00000)
  to   space 512K, 0% used [0x0000000772c00000,0x0000000772c00000,0x0000000772c80000)
 ParOldGen       total 173568K, used 10909K [0x00000006c2a00000, 0x00000006cd380000, 0x000000076b900000)
  object space 173568K, 6% used [0x00000006c2a00000,0x00000006c34a7748,0x00000006cd380000)
 Metaspace       used 19545K, capacity 20095K, committed 20352K, reserved 1067008K
  class space    used 1948K, capacity 2112K, committed 2176K, reserved 1048576K
GC Heap History (10 events):
Event: 65.697 GC heap before
{Heap before GC invocations=74 (full 0):
 PSYoungGen      total 35840K, used 35360K [0x000000076b900000, 0x0000000772d00000, 0x00000007c0000000)
  eden space 35328K, 100% used [0x000000076b900000,0x000000076db80000,0x000000076db80000)
  from space 512K, 6% used [0x0000000772c00000,0x0000000772c08000,0x0000000772c80000)
  to   space 512K, 0% used [0x0000000772c80000,0x0000000772c80000,0x0000000772d00000)
 ParOldGen       total 173568K, used 10885K [0x00000006c2a00000, 0x00000006cd380000, 0x000000076b900000)
  object space 173568K, 6% used [0x00000006c2a00000,0x00000006c34a1748,0x00000006cd380000)
 Metaspace       used 19524K, capacity 20031K, committed 20096K, reserved 1067008K
  class space    used 1948K, capacity 2112K, committed 2176K, reserved 1048576K
Event: 65.698 GC heap after
Heap after GC invocations=74 (full 0):
 PSYoungGen      total 35328K, used 32K [0x000000076b900000, 0x0000000772d00000, 0x00000007c0000000)
  eden space 34816K, 0% used [0x000000076b900000,0x000000076b900000,0x000000076db00000)
  from space 512K, 6% used [0x0000000772c80000,0x0000000772c88000,0x0000000772d00000)
  to   space 512K, 0% used [0x0000000772c00000,0x0000000772c00000,0x0000000772c80000)
 ParOldGen       total 173568K, used 10885K [0x00000006c2a00000, 0x00000006cd380000, 0x000000076b900000)
  object space 173568K, 6% used [0x00000006c2a00000,0x00000006c34a1748,0x00000006cd380000)
 Metaspace       used 19524K, capacity 20031K, committed 20096K, reserved 1067008K
  class space    used 1948K, capacity 2112K, committed 2176K, reserved 1048576K
}
Event: 82.550 GC heap before
{Heap before GC invocations=75 (full 0):
 PSYoungGen      total 35328K, used 34848K [0x000000076b900000, 0x0000000772d00000, 0x00000007c0000000)
  eden space 34816K, 100% used [0x000000076b900000,0x000000076db00000,0x000000076db00000)
  from space 512K, 6% used [0x0000000772c80000,0x0000000772c88000,0x0000000772d00000)
  to   space 512K, 0% used [0x0000000772c00000,0x0000000772c00000,0x0000000772c80000)
 ParOldGen       total 173568K, used 10885K [0x00000006c2a00000, 0x00000006cd380000, 0x000000076b900000)
  object space 173568K, 6% used [0x00000006c2a00000,0x00000006c34a1748,0x00000006cd380000)
 Metaspace       used 19524K, capacity 20031K, committed 20096K, reserved 1067008K
  class space    used 1948K, capacity 2112K, committed 2176K, reserved 1048576K
Event: 82.551 GC heap after
Heap after GC invocations=75 (full 0):
 PSYoungGen      total 34816K, used 128K [0x000000076b900000, 0x0000000772d00000, 0x00000007c0000000)
  eden space 34304K, 0% used [0x000000076b900000,0x000000076b900000,0x000000076da80000)
  from space 512K, 25% used [0x0000000772c00000,0x0000000772c20000,0x0000000772c80000)
  to   space 512K, 0% used [0x0000000772c80000,0x0000000772c80000,0x0000000772d00000)
 ParOldGen       total 173568K, used 10885K [0x00000006c2a00000, 0x00000006cd380000, 0x000000076b900000)
  object space 173568K, 6% used [0x00000006c2a00000,0x00000006c34a1748,0x00000006cd380000)
 Metaspace       used 19524K, capacity 20031K, committed 20096K, reserved 1067008K
  class space    used 1948K, capacity 2112K, committed 2176K, reserved 1048576K
}
Event: 82.585 GC heap before
{Heap before GC invocations=76 (full 0):
 PSYoungGen      total 34816K, used 34432K [0x000000076b900000, 0x0000000772d00000, 0x00000007c0000000)
  eden space 34304K, 100% used [0x000000076b900000,0x000000076da80000,0x000000076da80000)
  from space 512K, 25% used [0x0000000772c00000,0x0000000772c20000,0x0000000772c80000)
  to   space 512K, 0% used [0x0000000772c80000,0x0000000772c80000,0x0000000772d00000)
 ParOldGen       total 173568K, used 10885K [0x00000006c2a00000, 0x00000006cd380000, 0x000000076b900000)
  object space 173568K, 6% used [0x00000006c2a00000,0x00000006c34a1748,0x00000006cd380000)
 Metaspace       used 19525K, capacity 20031K, committed 20096K, reserved 1067008K
  class space    used 1948K, capacity 2112K, committed 2176K, reserved 1048576K
Event: 82.586 GC heap after
Heap after GC invocations=76 (full 0):
 PSYoungGen      total 34304K, used 32K [0x000000076b900000, 0x0000000772d00000, 0x00000007c0000000)
  eden space 33792K, 0% used [0x000000076b900000,0x000000076b900000,0x000000076da00000)
  from space 512K, 6% used [0x0000000772c80000,0x0000000772c88000,0x0000000772d00000)
  to   space 512K, 0% used [0x0000000772c00000,0x0000000772c00000,0x0000000772c80000)
 ParOldGen       total 173568K, used 10909K [0x00000006c2a00000, 0x00000006cd380000, 0x000000076b900000)
  object space 173568K, 6% used [0x00000006c2a00000,0x00000006c34a7748,0x00000006cd380000)
 Metaspace       used 19525K, capacity 20031K, committed 20096K, reserved 1067008K
  class space    used 1948K, capacity 2112K, committed 2176K, reserved 1048576K
}
Event: 82.616 GC heap before
{Heap before GC invocations=77 (full 0):
 PSYoungGen      total 34304K, used 33824K [0x000000076b900000, 0x0000000772d00000, 0x00000007c0000000)
  eden space 33792K, 100% used [0x000000076b900000,0x000000076da00000,0x000000076da00000)
  from space 512K, 6% used [0x0000000772c80000,0x0000000772c88000,0x0000000772d00000)
  to   space 512K, 0% used [0x0000000772c00000,0x0000000772c00000,0x0000000772c80000)
 ParOldGen       total 173568K, used 10909K [0x00000006c2a00000, 0x00000006cd380000, 0x000000076b900000)
  object space 173568K, 6% used [0x00000006c2a00000,0x00000006c34a7748,0x00000006cd380000)
 Metaspace       used 19525K, capacity 20031K, committed 20096K, reserved 1067008K
  class space    used 1948K, capacity 2112K, committed 2176K, reserved 1048576K
Event: 82.616 GC heap after
Heap after GC invocations=77 (full 0):
 PSYoungGen      total 41472K, used 32K [0x000000076b900000, 0x0000000772d00000, 0x00000007c0000000)
  eden space 40960K, 0% used [0x000000076b900000,0x000000076b900000,0x000000076e100000)
  from space 512K, 6% used [0x0000000772c00000,0x0000000772c08000,0x0000000772c80000)
  to   space 512K, 0% used [0x0000000772c80000,0x0000000772c80000,0x0000000772d00000)
 ParOldGen       total 173568K, used 10909K [0x00000006c2a00000, 0x00000006cd380000, 0x000000076b900000)
  object space 173568K, 6% used [0x00000006c2a00000,0x00000006c34a7748,0x00000006cd380000)
 Metaspace       used 19525K, capacity 20031K, committed 20096K, reserved 1067008K
  class space    used 1948K, capacity 2112K, committed 2176K, reserved 1048576K
}
Event: 82.658 GC heap before
{Heap before GC invocations=78 (full 0):
 PSYoungGen      total 41472K, used 40992K [0x000000076b900000, 0x0000000772d00000, 0x00000007c0000000)
  eden space 40960K, 100% used [0x000000076b900000,0x000000076e100000,0x000000076e100000)
  from space 512K, 6% used [0x0000000772c00000,0x0000000772c08000,0x0000000772c80000)
  to   space 512K, 0% used [0x0000000772c80000,0x0000000772c80000,0x0000000772d00000)
 ParOldGen       total 173568K, used 10909K [0x00000006c2a00000, 0x00000006cd380000, 0x000000076b900000)
  object space 173568K, 6% used [0x00000006c2a00000,0x00000006c34a7748,0x00000006cd380000)
 Metaspace       used 19525K, capacity 20031K, committed 20096K, reserved 1067008K
  class space    used 1948K, capacity 2112K, committed 2176K, reserved 1048576K
Event: 82.659 GC heap after
Heap after GC invocations=78 (full 0):
 PSYoungGen      total 49664K, used 32K [0x000000076b900000, 0x0000000772d00000, 0x00000007c0000000)
  eden space 49152K, 0% used [0x000000076b900000,0x000000076b900000,0x000000076e900000)
  from space 512K, 6% used [0x0000000772c80000,0x0000000772c88000,0x0000000772d00000)
  to   space 512K, 0% used [0x0000000772c00000,0x0000000772c00000,0x0000000772c80000)
 ParOldGen       total 173568K, used 10909K [0x00000006c2a00000, 0x00000006cd380000, 0x000000076b900000)
  object space 173568K, 6% used [0x00000006c2a00000,0x00000006c34a7748,0x00000006cd380000)
 Metaspace       used 19525K, capacity 20031K, committed 20096K, reserved 1067008K
  class space    used 1948K, capacity 2112K, committed 2176K, reserved 1048576K
}

